0 info it worked if it ends with ok
1 verbose cli [ '/usr/bin/node', '/usr/bin/npm', 'install', '-g', 'gulp' ]
2 info using npm@1.4.28
3 info using node@v0.10.37
4 verbose node symlink /usr/bin/node
5 verbose cache add [ 'gulp', null ]
6 verbose cache add name=undefined spec="gulp" args=["gulp",null]
7 verbose parsed url { protocol: null,
7 verbose parsed url   slashes: null,
7 verbose parsed url   auth: null,
7 verbose parsed url   host: null,
7 verbose parsed url   port: null,
7 verbose parsed url   hostname: null,
7 verbose parsed url   hash: null,
7 verbose parsed url   search: null,
7 verbose parsed url   query: null,
7 verbose parsed url   pathname: 'gulp',
7 verbose parsed url   path: 'gulp',
7 verbose parsed url   href: 'gulp' }
8 silly lockFile 9750c68d-gulp gulp
9 verbose lock gulp /home/m3k3r1/.npm/9750c68d-gulp.lock
10 silly lockFile 9750c68d-gulp gulp
11 silly lockFile 9750c68d-gulp gulp
12 verbose addNamed [ 'gulp', '' ]
13 verbose addNamed [ null, '*' ]
14 silly lockFile 72f4391e-gulp gulp@
15 verbose lock gulp@ /home/m3k3r1/.npm/72f4391e-gulp.lock
16 silly addNameRange { name: 'gulp', range: '*', hasData: false }
17 verbose request where is /gulp
18 verbose request registry https://registry.npmjs.org/
19 verbose request id f6edb6598e1e19d0
20 verbose url raw /gulp
21 verbose url resolving [ 'https://registry.npmjs.org/', './gulp' ]
22 verbose url resolved https://registry.npmjs.org/gulp
23 verbose request where is https://registry.npmjs.org/gulp
24 info trying registry request attempt 1 at 23:36:25
25 verbose etag "NWYZ2IR8Z76IB63H6OKA3BR1"
26 http GET https://registry.npmjs.org/gulp
27 http 200 https://registry.npmjs.org/gulp
28 silly registry.get cb [ 200,
28 silly registry.get   { server: 'CouchDB/1.5.0 (Erlang OTP/R16B03)',
28 silly registry.get     etag: '"7SKYQ0NUU7BN0XIH1XXCWUO76"',
28 silly registry.get     'content-type': 'application/json',
28 silly registry.get     'cache-control': 'max-age=300',
28 silly registry.get     'content-length': '112279',
28 silly registry.get     'accept-ranges': 'bytes',
28 silly registry.get     date: 'Fri, 12 Feb 2016 23:36:26 GMT',
28 silly registry.get     via: '1.1 varnish',
28 silly registry.get     age: '210',
28 silly registry.get     connection: 'keep-alive',
28 silly registry.get     'x-served-by': 'cache-lhr6322-LHR',
28 silly registry.get     'x-cache': 'HIT',
28 silly registry.get     'x-cache-hits': '3',
28 silly registry.get     'x-timer': 'S1455320186.158939,VS0,VE0',
28 silly registry.get     vary: 'Accept' } ]
29 silly addNameRange number 2 { name: 'gulp', range: '*', hasData: true }
30 silly addNameRange versions [ 'gulp',
30 silly addNameRange   [ '0.0.1',
30 silly addNameRange     '0.0.2',
30 silly addNameRange     '0.0.3',
30 silly addNameRange     '0.0.4',
30 silly addNameRange     '0.0.5',
30 silly addNameRange     '0.0.7',
30 silly addNameRange     '0.0.8',
30 silly addNameRange     '0.0.9',
30 silly addNameRange     '0.1.0',
30 silly addNameRange     '0.2.0',
30 silly addNameRange     '1.0.0',
30 silly addNameRange     '1.1.0',
30 silly addNameRange     '1.2.0',
30 silly addNameRange     '1.2.1',
30 silly addNameRange     '2.0.0',
30 silly addNameRange     '2.0.1',
30 silly addNameRange     '2.1.0',
30 silly addNameRange     '2.2.0',
30 silly addNameRange     '2.3.0',
30 silly addNameRange     '2.4.0',
30 silly addNameRange     '2.4.1',
30 silly addNameRange     '2.6.0',
30 silly addNameRange     '2.6.1',
30 silly addNameRange     '2.7.0',
30 silly addNameRange     '3.0.0',
30 silly addNameRange     '3.1.1',
30 silly addNameRange     '3.1.2',
30 silly addNameRange     '3.1.3',
30 silly addNameRange     '3.1.4',
30 silly addNameRange     '3.2.0',
30 silly addNameRange     '3.2.1',
30 silly addNameRange     '3.2.2',
30 silly addNameRange     '3.2.3',
30 silly addNameRange     '3.2.4',
30 silly addNameRange     '3.2.5',
30 silly addNameRange     '3.3.0',
30 silly addNameRange     '3.3.1',
30 silly addNameRange     '3.3.2',
30 silly addNameRange     '3.3.4',
30 silly addNameRange     '3.4.0',
30 silly addNameRange     '3.5.0',
30 silly addNameRange     '3.5.1',
30 silly addNameRange     '3.5.2',
30 silly addNameRange     '3.5.5',
30 silly addNameRange     '3.5.6',
30 silly addNameRange     '3.6.0',
30 silly addNameRange     '3.6.1',
30 silly addNameRange     '3.6.2',
30 silly addNameRange     '3.7.0',
30 silly addNameRange     '3.8.0',
30 silly addNameRange     '3.8.1',
30 silly addNameRange     '3.8.2',
30 silly addNameRange     '3.8.3',
30 silly addNameRange     '3.8.4',
30 silly addNameRange     '3.8.5',
30 silly addNameRange     '3.8.6',
30 silly addNameRange     '3.8.7',
30 silly addNameRange     '3.8.8',
30 silly addNameRange     '3.8.9',
30 silly addNameRange     '3.8.10',
30 silly addNameRange     '3.8.11',
30 silly addNameRange     '3.9.0',
30 silly addNameRange     '3.9.1' ] ]
31 verbose addNamed [ 'gulp', '3.9.1' ]
32 verbose addNamed [ '3.9.1', '3.9.1' ]
33 silly lockFile d9f1ef79-gulp-3-9-1 gulp@3.9.1
34 verbose lock gulp@3.9.1 /home/m3k3r1/.npm/d9f1ef79-gulp-3-9-1.lock
35 silly lockFile d9f1ef79-gulp-3-9-1 gulp@3.9.1
36 silly lockFile d9f1ef79-gulp-3-9-1 gulp@3.9.1
37 silly lockFile 72f4391e-gulp gulp@
38 silly lockFile 72f4391e-gulp gulp@
39 silly resolved [ { name: 'gulp',
39 silly resolved     description: 'The streaming build system',
39 silly resolved     version: '3.9.1',
39 silly resolved     homepage: 'http://gulpjs.com',
39 silly resolved     repository: { type: 'git', url: 'git+https://github.com/gulpjs/gulp.git' },
39 silly resolved     author:
39 silly resolved      { name: 'Fractal',
39 silly resolved        email: 'contact@wearefractal.com',
39 silly resolved        url: 'http://wearefractal.com/' },
39 silly resolved     tags: [ 'build', 'stream', 'system', 'make', 'tool', 'asset', 'pipeline' ],
39 silly resolved     files: [ 'index.js', 'lib', 'bin', 'completion', 'gulp.1' ],
39 silly resolved     bin: { gulp: './bin/gulp.js' },
39 silly resolved     man: [ 'gulp.1' ],
39 silly resolved     dependencies:
39 silly resolved      { archy: '^1.0.0',
39 silly resolved        chalk: '^1.0.0',
39 silly resolved        deprecated: '^0.0.1',
39 silly resolved        'gulp-util': '^3.0.0',
39 silly resolved        interpret: '^1.0.0',
39 silly resolved        liftoff: '^2.1.0',
39 silly resolved        minimist: '^1.1.0',
39 silly resolved        orchestrator: '^0.3.0',
39 silly resolved        'pretty-hrtime': '^1.0.0',
39 silly resolved        semver: '^4.1.0',
39 silly resolved        tildify: '^1.0.0',
39 silly resolved        v8flags: '^2.0.2',
39 silly resolved        'vinyl-fs': '^0.3.0' },
39 silly resolved     devDependencies:
39 silly resolved      { coveralls: '^2.7.0',
39 silly resolved        eslint: '^1.7.3',
39 silly resolved        'eslint-config-gulp': '^2.0.0',
39 silly resolved        'graceful-fs': '^3.0.0',
39 silly resolved        istanbul: '^0.3.0',
39 silly resolved        jscs: '^2.3.5',
39 silly resolved        'jscs-preset-gulp': '^1.0.0',
39 silly resolved        'marked-man': '^0.1.3',
39 silly resolved        mkdirp: '^0.5.0',
39 silly resolved        mocha: '^2.0.1',
39 silly resolved        'mocha-lcov-reporter': '^0.0.1',
39 silly resolved        q: '^1.0.0',
39 silly resolved        rimraf: '^2.2.5',
39 silly resolved        should: '^5.0.1' },
39 silly resolved     scripts:
39 silly resolved      { prepublish: 'marked-man --name gulp docs/CLI.md > gulp.1',
39 silly resolved        lint: 'eslint . && jscs *.js bin/ lib/ test/',
39 silly resolved        pretest: 'npm run lint',
39 silly resolved        test: 'mocha --reporter spec',
39 silly resolved        coveralls: 'istanbul cover _mocha --report lcovonly -- -R spec && cat ./coverage/lcov.info | coveralls && rm -rf ./coverage' },
39 silly resolved     engines: { node: '>= 0.9' },
39 silly resolved     license: 'MIT',
39 silly resolved     gitHead: '9c14e3a13a73a32e424f144d62566671b2fcdbed',
39 silly resolved     bugs: { url: 'https://github.com/gulpjs/gulp/issues' },
39 silly resolved     _id: 'gulp@3.9.1',
39 silly resolved     _shasum: '571ce45928dd40af6514fc4011866016c13845b4',
39 silly resolved     _from: 'gulp@',
39 silly resolved     _npmVersion: '2.14.14',
39 silly resolved     _nodeVersion: '0.10.41',
39 silly resolved     _npmUser: { name: 'phated', email: 'blaine@iceddev.com' },
39 silly resolved     maintainers: [ [Object], [Object] ],
39 silly resolved     dist:
39 silly resolved      { shasum: '571ce45928dd40af6514fc4011866016c13845b4',
39 silly resolved        tarball: 'http://registry.npmjs.org/gulp/-/gulp-3.9.1.tgz' },
39 silly resolved     _npmOperationalInternal:
39 silly resolved      { host: 'packages-6-west.internal.npmjs.com',
39 silly resolved        tmp: 'tmp/gulp-3.9.1.tgz_1454957415500_0.15343931876122952' },
39 silly resolved     directories: {},
39 silly resolved     _resolved: 'https://registry.npmjs.org/gulp/-/gulp-3.9.1.tgz',
39 silly resolved     readme: 'ERROR: No README data found!' } ]
40 info install gulp@3.9.1 into /usr/lib
41 info installOne gulp@3.9.1
42 verbose lib/node_modules/gulp unbuild
43 verbose tar unpack /home/m3k3r1/.npm/gulp/3.9.1/package.tgz
44 silly lockFile df399f84-tar-usr-lib-node-modules-gulp tar:///usr/lib/node_modules/gulp
45 verbose lock tar:///usr/lib/node_modules/gulp /home/m3k3r1/.npm/df399f84-tar-usr-lib-node-modules-gulp.lock
46 silly lockFile 575e56cf-3k3r1-npm-gulp-3-9-1-package-tgz tar:///home/m3k3r1/.npm/gulp/3.9.1/package.tgz
47 verbose lock tar:///home/m3k3r1/.npm/gulp/3.9.1/package.tgz /home/m3k3r1/.npm/575e56cf-3k3r1-npm-gulp-3-9-1-package-tgz.lock
48 silly gunzTarPerm modes [ '775', '664' ]
49 error Error: EACCES, mkdir '/usr/lib/node_modules/gulp'
49 error  { [Error: EACCES, mkdir '/usr/lib/node_modules/gulp']
49 error   errno: 3,
49 error   code: 'EACCES',
49 error   path: '/usr/lib/node_modules/gulp',
49 error   fstream_type: 'Directory',
49 error   fstream_path: '/usr/lib/node_modules/gulp',
49 error   fstream_class: 'DirWriter',
49 error   fstream_stack:
49 error    [ '/usr/lib/node_modules/npm/node_modules/fstream/lib/dir-writer.js:36:23',
49 error      '/usr/lib/node_modules/npm/node_modules/mkdirp/index.js:46:53',
49 error      'Object.oncomplete (fs.js:108:15)' ] }
50 error Please try running this command again as root/Administrator.
51 error System Linux 3.19.0-49-generic
52 error command "/usr/bin/node" "/usr/bin/npm" "install" "-g" "gulp"
53 error cwd /home/m3k3r1/Templates/SRCM-Informatica/semantic
54 error node -v v0.10.37
55 error npm -v 1.4.28
56 error path /usr/lib/node_modules/gulp
57 error fstream_path /usr/lib/node_modules/gulp
58 error fstream_type Directory
59 error fstream_class DirWriter
60 error code EACCES
61 error errno 3
62 error stack Error: EACCES, mkdir '/usr/lib/node_modules/gulp'
63 error fstream_stack /usr/lib/node_modules/npm/node_modules/fstream/lib/dir-writer.js:36:23
63 error fstream_stack /usr/lib/node_modules/npm/node_modules/mkdirp/index.js:46:53
63 error fstream_stack Object.oncomplete (fs.js:108:15)
64 verbose exit [ 3, true ]
